<?xml version="1.0" encoding="UTF-8"?>
<!-- Generated by org.testng.reporters.JUnitReportReporter -->
<testsuite name="com.testmadness.testcase.BookFlightTest" tests="2" time="24.445" ignored="0" failures="0" timestamp="11 Oct 2017 01:48:31 GMT" skipped="0" hostname="Sejis-MacBook-Pro.local" errors="0">
  <testcase name="firstTestCase" time="12.812" classname="com.testmadness.testcase.BookFlightTest"/>
  <testcase name="secondTestCase" time="11.633" classname="com.testmadness.testcase.BookFlightTest"/>
</testsuite> <!-- com.testmadness.testcase.BookFlightTest -->
