<?xml version="1.0" encoding="UTF-8"?>
<!-- Generated by org.testng.reporters.JUnitReportReporter -->
<testsuite name="com.test.NewTest" tests="1" time="0.006" ignored="0" failures="0" timestamp="18 May 2017 22:06:37 GMT" skipped="0" hostname="Sejis-MacBook-Pro.local" errors="0">
  <testcase name="f" time="0.006" classname="com.test.NewTest"/>
</testsuite> <!-- com.test.NewTest -->
